<?xml version="1.0" encoding="utf-8"?><testsuites><testsuite name="pytest" errors="0" failures="0" skipped="0" tests="40" time="10.593" timestamp="2022-05-17T11:05:59.687221" hostname="c52ef3796253"><testcase classname="bridge.tests.test_swagger" name="test_swagger_accessible_by_admin" time="4.143" /><testcase classname="bridge.tests.test_swagger" name="test_swagger_ui_not_accessible_by_normal_user" time="0.046" /><testcase classname="bridge.tests.test_swagger" name="test_api_schema_generated_successfully" time="0.340" /><testcase classname="bridge.tests.api.views.candidate.test_candidate_api_auth.TestCandidateApiAuth" name="test_candidate_api_login_with_valid_credentials_for_candidate_role_returns_auth_tokens" time="0.111" /><testcase classname="bridge.tests.api.views.candidate.test_candidate_api_auth.TestCandidateApiAuth" name="test_candidate_api_login_with_valid_credentials_for_non_candidate_role_returns_401_with_error[SUPERADMIN]" time="0.058" /><testcase classname="bridge.tests.api.views.candidate.test_candidate_api_auth.TestCandidateApiAuth" name="test_candidate_api_login_with_valid_credentials_for_non_candidate_role_returns_401_with_error[RECRUITER]" time="0.054" /><testcase classname="bridge.tests.api.views.candidate.test_candidate_api_auth.TestCandidateApiAuth" name="test_candidate_api_login_with_invalid_credentials_with_any_role_returns_401_with_error[SUPERADMIN]" time="0.056" /><testcase classname="bridge.tests.api.views.candidate.test_candidate_api_auth.TestCandidateApiAuth" name="test_candidate_api_login_with_invalid_credentials_with_any_role_returns_401_with_error[CANDIDATE]" time="0.052" /><testcase classname="bridge.tests.api.views.candidate.test_candidate_api_auth.TestCandidateApiAuth" name="test_candidate_api_login_with_invalid_credentials_with_any_role_returns_401_with_error[RECRUITER]" time="0.052" /><testcase classname="bridge.tests.api.views.candidate.test_candidate_api_auth.TestCandidateApiAuth" name="test_candidate_api_signup_as_new_user_returns_200" time="0.068" /><testcase classname="bridge.tests.api.views.candidate.test_candidate_api_auth.TestCandidateApiAuth" name="test_candidate_api_signup_as_existing_user_with_any_role_returns_400_with_error[SUPERADMIN]" time="0.052" /><testcase classname="bridge.tests.api.views.candidate.test_candidate_api_auth.TestCandidateApiAuth" name="test_candidate_api_signup_as_existing_user_with_any_role_returns_400_with_error[CANDIDATE]" time="0.050" /><testcase classname="bridge.tests.api.views.candidate.test_candidate_api_auth.TestCandidateApiAuth" name="test_candidate_api_signup_as_existing_user_with_any_role_returns_400_with_error[RECRUITER]" time="0.057" /><testcase classname="bridge.tests.models.test_Candidate.TestModelCandidate" name="test_Candidate_db_table_is_user" time="0.028" /><testcase classname="bridge.tests.models.test_Candidate.TestModelCandidate" name="test_fn_create_candidate_creates_candidate_with_user_successfully" time="0.041" /><testcase classname="bridge.tests.models.test_Candidate.TestModelCandidate" name="test_industry_is_departments_industry" time="0.056" /><testcase classname="bridge.tests.models.test_Candidate.TestModelCandidate" name="test_age_is_calculated_correctly[dob0]" time="0.049" /><testcase classname="bridge.tests.models.test_Candidate.TestModelCandidate" name="test_age_is_calculated_correctly[dob1]" time="0.050" /><testcase classname="bridge.tests.models.test_Candidate.TestModelCandidate" name="test_age_is_calculated_correctly[dob2]" time="0.054" /><testcase classname="bridge.tests.models.test_Candidate.TestModelCandidate" name="test_age_is_calculated_correctly[dob3]" time="0.044" /><testcase classname="bridge.tests.models.test_Candidate.TestModelCandidate" name="test_age_is_calculated_correctly[dob4]" time="0.044" /><testcase classname="bridge.tests.models.test_Candidate.TestModelCandidate" name="test_age_is_calculated_correctly[dob5]" time="0.044" /><testcase classname="bridge.tests.models.test_Candidate.TestModelCandidate" name="test_age_is_calculated_correctly[dob6]" time="0.043" /><testcase classname="bridge.tests.models.test_Candidate.TestModelCandidate" name="test_age_is_calculated_correctly[dob7]" time="0.046" /><testcase classname="bridge.tests.models.test_Candidate.TestModelCandidate" name="test_age_is_calculated_correctly[dob8]" time="0.043" /><testcase classname="bridge.tests.models.test_Candidate.TestModelCandidate" name="test_age_is_calculated_correctly[dob9]" time="0.044" /><testcase classname="bridge.tests.models.test_Candidate.TestModelCandidate" name="test_age_is_none_when_dob_is_not_set" time="0.043" /><testcase classname="bridge.tests.models.test_Candidate.TestModelCandidate" name="test_when_new_candidate_created_signup_step_is_1" time="0.034" /><testcase classname="bridge.tests.models.test_User.TestModelUser" name="test_User_db_table_is_user" time="0.022" /><testcase classname="bridge.tests.models.test_User.TestModelUser" name="test_is_superuser_is_yes_only_when_role_is_superadmin[CANDIDATE]" time="0.035" /><testcase classname="bridge.tests.models.test_User.TestModelUser" name="test_is_superuser_is_yes_only_when_role_is_superadmin[RECRUITER]" time="0.033" /><testcase classname="bridge.tests.models.test_User.TestModelUser" name="test_fn_create_superuser_creates_superuser" time="0.029" /><testcase classname="bridge.tests.models.test_User.TestModelUser" name="test_fn_create_user_creates_user[SUPERADMIN]" time="0.029" /><testcase classname="bridge.tests.models.test_User.TestModelUser" name="test_fn_create_user_creates_user[CANDIDATE]" time="0.027" /><testcase classname="bridge.tests.models.test_User.TestModelUser" name="test_fn_create_user_creates_user[RECRUITER]" time="0.026" /><testcase classname="bridge.tests.models.test_User.TestModelUser" name="test_fn_create_user_raises_exception_when_role_is_not_valid" time="0.025" /><testcase classname="bridge.tests.models.test_User.TestModelUser" name="test_fn_create_user_raises_exception_when_role_is_None" time="0.023" /><testcase classname="bridge.tests.models.test_User.TestModelUser" name="test_fn_create_user_raises_exception_when_email_is_None" time="0.025" /><testcase classname="bridge.tests.models.test_User.TestModelUser" name="test_fn_create_user_raises_exception_when_password_is_None" time="0.023" /><testcase classname="bridge.tests.models.test_User.TestModelUser" name="test_fn_create_user_raises_exception_when_email_is_not_valid" time="0.297" /></testsuite></testsuites>
